2025-12-21 23:36:07, MOVE, v:1, k:poo@pagamento, mode:PICK
2025-12-21 23:36:08, EXEC, v:1, k:poo@pagamento, mode:LOCK, rate:100
2025-12-21 23:36:09, MOVE, v:1, k:poo@pagamento, mode:BACK
2025-12-21 23:36:12, MOVE, v:1, k:poo@pagamento, mode:PICK
2025-12-21 23:36:14, MOVE, v:1, k:poo@pagamento, mode:BACK
2025-12-21 23:41:25, MOVE, v:1, k:poo@pagamento, mode:PICK
2025-12-21 23:41:26, EXEC, v:1, k:poo@pagamento, mode:LOCK, rate:100
2025-12-21 23:41:26, MOVE, v:1, k:poo@pagamento, mode:BACK
2025-12-21 23:55:46, MOVE, v:1, k:poo@pagamento, mode:PICK
2025-12-21 23:55:47, EXEC, v:1, k:poo@pagamento, mode:LOCK, rate:100
2025-12-21 23:56:11, EXEC, v:1, k:poo@pagamento, mode:LOCK, rate:0, size:63
2025-12-21 23:56:29, MOVE, v:1, k:poo@pagamento, mode:BACK
2025-12-21 23:57:24, SELF, v:1, k:poo@pagamento, rate:70, alone:7, study:25
2025-12-21 23:57:29, MOVE, v:1, k:poo@estacionamento, mode:PICK
2025-12-21 23:57:31, MOVE, v:1, k:poo@estacionamento, mode:BACK
2025-12-21 23:57:31, MOVE, v:1, k:poo@shapes, mode:PICK
2025-12-21 23:57:32, MOVE, v:1, k:poo@shapes, mode:BACK
2025-12-21 23:57:38, MOVE, v:1, k:poo@shapes, mode:PICK
2025-12-21 23:57:39, EXEC, v:1, k:poo@shapes, mode:FULL, rate:0, size:0
2025-12-21 23:58:05, MOVE, v:1, k:poo@shapes, mode:BACK
